# JRE version: OpenJDK Runtime Environment (8.0_152) (build 1.8.0_152-release-1343-b16-5323222)
# Java VM: OpenJDK 64-Bit Server VM (25.152-b16-5323222 mixed mode linux-amd64 compressed oops)
Heap:
 PSYoungGen      total 316416K, used 295274K [0x00000000e0000000, 0x00000000f5980000, 0x0000000100000000)
  eden space 295424K, 99% used [0x00000000e0000000,0x00000000f205a820,0x00000000f2080000)
  from space 20992K, 0% used [0x00000000f3700000,0x00000000f3700000,0x00000000f4b80000)
  to   space 23040K, 0% used [0x00000000f2080000,0x00000000f2080000,0x00000000f3700000)
 ParOldGen       total 130048K, used 31848K [0x00000000a0000000, 0x00000000a7f00000, 0x00000000e0000000)
  object space 130048K, 24% used [0x00000000a0000000,0x00000000a1f1a1f8,0x00000000a7f00000)
 Metaspace       used 69400K, capacity 71562K, committed 71832K, reserved 1112064K
  class space    used 9347K, capacity 9833K, committed 9888K, reserved 1048576K
GC Heap History (10 events):
Event: 7.490 GC heap before
{Heap before GC invocations=7 (full 1):
 PSYoungGen      total 132096K, used 61842K [0x00000000e0000000, 0x00000000eea00000, 0x0000000100000000)
  eden space 126976K, 44% used [0x00000000e0000000,0x00000000e3764870,0x00000000e7c00000)
  from space 5120K, 100% used [0x00000000e7c00000,0x00000000e8100000,0x00000000e8100000)
  to   space 15872K, 0% used [0x00000000eda80000,0x00000000eda80000,0x00000000eea00000)
 ParOldGen       total 61952K, used 18429K [0x00000000a0000000, 0x00000000a3c80000, 0x00000000e0000000)
  object space 61952K, 29% used [0x00000000a0000000,0x00000000a11ff7a8,0x00000000a3c80000)
 Metaspace       used 34691K, capacity 35394K, committed 35496K, reserved 1079296K
  class space    used 4798K, capacity 5024K, committed 5040K, reserved 1048576K
Event: 7.499 GC heap after
Heap after GC invocations=7 (full 1):
 PSYoungGen      total 211456K, used 10176K [0x00000000e0000000, 0x00000000ee480000, 0x0000000100000000)
  eden space 201216K, 0% used [0x00000000e0000000,0x00000000e0000000,0x00000000ec480000)
  from space 10240K, 99% used [0x00000000eda80000,0x00000000ee470330,0x00000000ee480000)
  to   space 15360K, 0% used [0x00000000ec680000,0x00000000ec680000,0x00000000ed580000)
 ParOldGen       total 61952K, used 18437K [0x00000000a0000000, 0x00000000a3c80000, 0x00000000e0000000)
  object space 61952K, 29% used [0x00000000a0000000,0x00000000a12017a8,0x00000000a3c80000)
 Metaspace       used 34691K, capacity 35394K, committed 35496K, reserved 1079296K
  class space    used 4798K, capacity 5024K, committed 5040K, reserved 1048576K
}
Event: 7.500 GC heap before
{Heap before GC invocations=8 (full 2):
 PSYoungGen      total 211456K, used 10176K [0x00000000e0000000, 0x00000000ee480000, 0x0000000100000000)
  eden space 201216K, 0% used [0x00000000e0000000,0x00000000e0000000,0x00000000ec480000)
  from space 10240K, 99% used [0x00000000eda80000,0x00000000ee470330,0x00000000ee480000)
  to   space 15360K, 0% used [0x00000000ec680000,0x00000000ec680000,0x00000000ed580000)
 ParOldGen       total 61952K, used 18437K [0x00000000a0000000, 0x00000000a3c80000, 0x00000000e0000000)
  object space 61952K, 29% used [0x00000000a0000000,0x00000000a12017a8,0x00000000a3c80000)
 Metaspace       used 34691K, capacity 35394K, committed 35496K, reserved 1079296K
  class space    used 4798K, capacity 5024K, committed 5040K, reserved 1048576K
Event: 7.563 GC heap after
Heap after GC invocations=8 (full 2):
 PSYoungGen      total 211456K, used 0K [0x00000000e0000000, 0x00000000ee480000, 0x0000000100000000)
  eden space 201216K, 0% used [0x00000000e0000000,0x00000000e0000000,0x00000000ec480000)
  from space 10240K, 0% used [0x00000000eda80000,0x00000000eda80000,0x00000000ee480000)
  to   space 15360K, 0% used [0x00000000ec680000,0x00000000ec680000,0x00000000ed580000)
 ParOldGen       total 91648K, used 17399K [0x00000000a0000000, 0x00000000a5980000, 0x00000000e0000000)
  object space 91648K, 18% used [0x00000000a0000000,0x00000000a10fdfd0,0x00000000a5980000)
 Metaspace       used 34689K, capacity 35388K, committed 35496K, reserved 1079296K
  class space    used 4797K, capacity 5023K, committed 5040K, reserved 1048576K
}
Event: 10.960 GC heap before
{Heap before GC invocations=9 (full 2):
 PSYoungGen      total 211456K, used 201216K [0x00000000e0000000, 0x00000000ee480000, 0x0000000100000000)
  eden space 201216K, 100% used [0x00000000e0000000,0x00000000ec480000,0x00000000ec480000)
  from space 10240K, 0% used [0x00000000eda80000,0x00000000eda80000,0x00000000ee480000)
  to   space 15360K, 0% used [0x00000000ec680000,0x00000000ec680000,0x00000000ed580000)
 ParOldGen       total 91648K, used 17399K [0x00000000a0000000, 0x00000000a5980000, 0x00000000e0000000)
  object space 91648K, 18% used [0x00000000a0000000,0x00000000a10fdfd0,0x00000000a5980000)
 Metaspace       used 51698K, capacity 52812K, committed 53032K, reserved 1095680K
  class space    used 6889K, capacity 7189K, committed 7216K, reserved 1048576K
Event: 10.980 GC heap after
Heap after GC invocations=9 (full 2):
 PSYoungGen      total 218624K, used 15347K [0x00000000e0000000, 0x00000000f4b80000, 0x0000000100000000)
  eden space 203264K, 0% used [0x00000000e0000000,0x00000000e0000000,0x00000000ec680000)
  from space 15360K, 99% used [0x00000000ec680000,0x00000000ed57cfd8,0x00000000ed580000)
  to   space 20992K, 0% used [0x00000000f3700000,0x00000000f3700000,0x00000000f4b80000)
 ParOldGen       total 91648K, used 23282K [0x00000000a0000000, 0x00000000a5980000, 0x00000000e0000000)
  object space 91648K, 25% used [0x00000000a0000000,0x00000000a16bc930,0x00000000a5980000)
 Metaspace       used 51698K, capacity 52812K, committed 53032K, reserved 1095680K
  class space    used 6889K, capacity 7189K, committed 7216K, reserved 1048576K
}
Event: 11.792 GC heap before
{Heap before GC invocations=10 (full 2):
 PSYoungGen      total 218624K, used 87058K [0x00000000e0000000, 0x00000000f4b80000, 0x0000000100000000)
  eden space 203264K, 35% used [0x00000000e0000000,0x00000000e4607aa8,0x00000000ec680000)
  from space 15360K, 99% used [0x00000000ec680000,0x00000000ed57cfd8,0x00000000ed580000)
  to   space 20992K, 0% used [0x00000000f3700000,0x00000000f3700000,0x00000000f4b80000)
 ParOldGen       total 91648K, used 23282K [0x00000000a0000000, 0x00000000a5980000, 0x00000000e0000000)
  object space 91648K, 25% used [0x00000000a0000000,0x00000000a16bc930,0x00000000a5980000)
 Metaspace       used 57600K, capacity 59056K, committed 59160K, reserved 1099776K
  class space    used 7763K, capacity 8155K, committed 8224K, reserved 1048576K
Event: 11.807 GC heap after
Heap after GC invocations=10 (full 2):
 PSYoungGen      total 316416K, used 17987K [0x00000000e0000000, 0x00000000f5980000, 0x0000000100000000)
  eden space 295424K, 0% used [0x00000000e0000000,0x00000000e0000000,0x00000000f2080000)
  from space 20992K, 85% used [0x00000000f3700000,0x00000000f4890e58,0x00000000f4b80000)
  to   space 23040K, 0% used [0x00000000f2080000,0x00000000f2080000,0x00000000f3700000)
 ParOldGen       total 91648K, used 23290K [0x00000000a0000000, 0x00000000a5980000, 0x00000000e0000000)
  object space 91648K, 25% used [0x00000000a0000000,0x00000000a16be930,0x00000000a5980000)
 Metaspace       used 57600K, capacity 59056K, committed 59160K, reserved 1099776K
  class space    used 7763K, capacity 8155K, committed 8224K, reserved 1048576K
}
Event: 11.807 GC heap before
{Heap before GC invocations=11 (full 3):
 PSYoungGen      total 316416K, used 17987K [0x00000000e0000000, 0x00000000f5980000, 0x0000000100000000)
  eden space 295424K, 0% used [0x00000000e0000000,0x00000000e0000000,0x00000000f2080000)
  from space 20992K, 85% used [0x00000000f3700000,0x00000000f4890e58,0x00000000f4b80000)
  to   space 23040K, 0% used [0x00000000f2080000,0x00000000f2080000,0x00000000f3700000)
 ParOldGen       total 91648K, used 23290K [0x00000000a0000000, 0x00000000a5980000, 0x00000000e0000000)
  object space 91648K, 25% used [0x00000000a0000000,0x00000000a16be930,0x00000000a5980000)
 Metaspace       used 57600K, capacity 59056K, committed 59160K, reserved 1099776K
  class space    used 7763K, capacity 8155K, committed 8224K, reserved 1048576K
Event: 11.982 GC heap after
Heap after GC invocations=11 (full 3):
 PSYoungGen      total 316416K, used 0K [0x00000000e0000000, 0x00000000f5980000, 0x0000000100000000)
  eden space 295424K, 0% used [0x00000000e0000000,0x00000000e0000000,0x00000000f2080000)
  from space 20992K, 0% used [0x00000000f3700000,0x00000000f3700000,0x00000000f4b80000)
  to   space 23040K, 0% used [0x00000000f2080000,0x00000000f2080000,0x00000000f3700000)
 ParOldGen       total 130048K, used 31848K [0x00000000a0000000, 0x00000000a7f00000, 0x00000000e0000000)
  object space 130048K, 24% used [0x00000000a0000000,0x00000000a1f1a1f8,0x00000000a7f00000)
 Metaspace       used 57600K, capacity 59056K, committed 59160K, reserved 1099776K
  class space    used 7763K, capacity 8155K, committed 8224K, reserved 1048576K
}

